[2025-03-25 07:22:08] laravel.EMERGENCY: Unable to create configured logger. Using emergency logger. {"exception":"[object] (InvalidArgumentException(code: 0): Log [] is not defined. at C:\\Users\\DELL Latitude 5410\\Downloads\\erpNEW\\vendor\\laravel\\framework\\src\\Illuminate\\Log\\LogManager.php:210)
[stacktrace]
#0 C:\\Users\\DELL Latitude 5410\\Downloads\\erpNEW\\vendor\\laravel\\framework\\src\\Illuminate\\Log\\LogManager.php(135): Illuminate\\Log\\LogManager->resolve(NULL, NULL)
#1 C:\\Users\\DELL Latitude 5410\\Downloads\\erpNEW\\vendor\\laravel\\framework\\src\\Illuminate\\Log\\LogManager.php(122): Illuminate\\Log\\LogManager->get(NULL)
#2 C:\\Users\\DELL Latitude 5410\\Downloads\\erpNEW\\vendor\\laravel\\framework\\src\\Illuminate\\Log\\LogManager.php(645): Illuminate\\Log\\LogManager->driver()
#3 C:\\Users\\DELL Latitude 5410\\Downloads\\erpNEW\\vendor\\laravel\\framework\\src\\Illuminate\\Foundation\\Exceptions\\Handler.php(274): Illuminate\\Log\\LogManager->error('syntax error, u...', Array)
#4 C:\\Users\\DELL Latitude 5410\\Downloads\\erpNEW\\vendor\\laravel\\framework\\src\\Illuminate\\Foundation\\Console\\Kernel.php(454): Illuminate\\Foundation\\Exceptions\\Handler->report(Object(ParseError))
#5 C:\\Users\\DELL Latitude 5410\\Downloads\\erpNEW\\vendor\\laravel\\framework\\src\\Illuminate\\Foundation\\Console\\Kernel.php(157): Illuminate\\Foundation\\Console\\Kernel->reportException(Object(ParseError))
#6 Command line code(1): Illuminate\\Foundation\\Console\\Kernel->handle(Object(Symfony\\Component\\Console\\Input\\ArgvInput), Object(Symfony\\Component\\Console\\Output\\ConsoleOutput))
#7 {main}
"} 
[2025-03-25 07:22:08] laravel.ERROR: syntax error, unexpected token "<<", expecting "]" {"exception":"[object] (ParseError(code: 0): syntax error, unexpected token \"<<\", expecting \"]\" at C:\\Users\\DELL Latitude 5410\\Downloads\\erpNEW\\config\\app.php:230)
[stacktrace]
#0 C:\\Users\\DELL Latitude 5410\\Downloads\\erpNEW\\vendor\\laravel\\framework\\src\\Illuminate\\Foundation\\Bootstrap\\LoadConfiguration.php(39): Illuminate\\Foundation\\Bootstrap\\LoadConfiguration->loadConfigurationFiles(Object(Illuminate\\Foundation\\Application), Object(Illuminate\\Config\\Repository))
#1 C:\\Users\\DELL Latitude 5410\\Downloads\\erpNEW\\vendor\\laravel\\framework\\src\\Illuminate\\Foundation\\Application.php(265): Illuminate\\Foundation\\Bootstrap\\LoadConfiguration->bootstrap(Object(Illuminate\\Foundation\\Application))
#2 C:\\Users\\DELL Latitude 5410\\Downloads\\erpNEW\\vendor\\laravel\\framework\\src\\Illuminate\\Foundation\\Console\\Kernel.php(383): Illuminate\\Foundation\\Application->bootstrapWith(Array)
#3 C:\\Users\\DELL Latitude 5410\\Downloads\\erpNEW\\vendor\\laravel\\framework\\src\\Illuminate\\Foundation\\Console\\Kernel.php(153): Illuminate\\Foundation\\Console\\Kernel->bootstrap()
#4 Command line code(1): Illuminate\\Foundation\\Console\\Kernel->handle(Object(Symfony\\Component\\Console\\Input\\ArgvInput), Object(Symfony\\Component\\Console\\Output\\ConsoleOutput))
#5 {main}
"} 
[2025-03-25 07:22:08] laravel.EMERGENCY: Unable to create configured logger. Using emergency logger. {"exception":"[object] (InvalidArgumentException(code: 0): Log [] is not defined. at C:\\Users\\DELL Latitude 5410\\Downloads\\erpNEW\\vendor\\laravel\\framework\\src\\Illuminate\\Log\\LogManager.php:210)
[stacktrace]
#0 C:\\Users\\DELL Latitude 5410\\Downloads\\erpNEW\\vendor\\laravel\\framework\\src\\Illuminate\\Log\\LogManager.php(135): Illuminate\\Log\\LogManager->resolve(NULL, NULL)
#1 C:\\Users\\DELL Latitude 5410\\Downloads\\erpNEW\\vendor\\laravel\\framework\\src\\Illuminate\\Log\\LogManager.php(122): Illuminate\\Log\\LogManager->get(NULL)
#2 C:\\Users\\DELL Latitude 5410\\Downloads\\erpNEW\\vendor\\laravel\\framework\\src\\Illuminate\\Log\\LogManager.php(645): Illuminate\\Log\\LogManager->driver()
#3 C:\\Users\\DELL Latitude 5410\\Downloads\\erpNEW\\vendor\\laravel\\framework\\src\\Illuminate\\Foundation\\Exceptions\\Handler.php(274): Illuminate\\Log\\LogManager->error('syntax error, u...', Array)
#4 C:\\Users\\DELL Latitude 5410\\Downloads\\erpNEW\\vendor\\laravel\\framework\\src\\Illuminate\\Foundation\\Console\\Kernel.php(454): Illuminate\\Foundation\\Exceptions\\Handler->report(Object(ParseError))
#5 C:\\Users\\DELL Latitude 5410\\Downloads\\erpNEW\\vendor\\laravel\\framework\\src\\Illuminate\\Foundation\\Console\\Kernel.php(157): Illuminate\\Foundation\\Console\\Kernel->reportException(Object(ParseError))
#6 Command line code(1): Illuminate\\Foundation\\Console\\Kernel->handle(Object(Symfony\\Component\\Console\\Input\\ArgvInput), Object(Symfony\\Component\\Console\\Output\\ConsoleOutput))
#7 {main}
"} 
[2025-03-25 07:22:08] laravel.ERROR: syntax error, unexpected token "<<", expecting "]" {"exception":"[object] (ParseError(code: 0): syntax error, unexpected token \"<<\", expecting \"]\" at C:\\Users\\DELL Latitude 5410\\Downloads\\erpNEW\\config\\app.php:230)
[stacktrace]
#0 C:\\Users\\DELL Latitude 5410\\Downloads\\erpNEW\\vendor\\laravel\\framework\\src\\Illuminate\\Foundation\\Bootstrap\\LoadConfiguration.php(39): Illuminate\\Foundation\\Bootstrap\\LoadConfiguration->loadConfigurationFiles(Object(Illuminate\\Foundation\\Application), Object(Illuminate\\Config\\Repository))
#1 C:\\Users\\DELL Latitude 5410\\Downloads\\erpNEW\\vendor\\laravel\\framework\\src\\Illuminate\\Foundation\\Application.php(265): Illuminate\\Foundation\\Bootstrap\\LoadConfiguration->bootstrap(Object(Illuminate\\Foundation\\Application))
#2 C:\\Users\\DELL Latitude 5410\\Downloads\\erpNEW\\vendor\\laravel\\framework\\src\\Illuminate\\Foundation\\Console\\Kernel.php(383): Illuminate\\Foundation\\Application->bootstrapWith(Array)
#3 C:\\Users\\DELL Latitude 5410\\Downloads\\erpNEW\\vendor\\laravel\\framework\\src\\Illuminate\\Foundation\\Console\\Kernel.php(153): Illuminate\\Foundation\\Console\\Kernel->bootstrap()
#4 Command line code(1): Illuminate\\Foundation\\Console\\Kernel->handle(Object(Symfony\\Component\\Console\\Input\\ArgvInput), Object(Symfony\\Component\\Console\\Output\\ConsoleOutput))
#5 {main}
"} 
[2025-03-25 07:22:08] laravel.EMERGENCY: Unable to create configured logger. Using emergency logger. {"exception":"[object] (InvalidArgumentException(code: 0): Log [] is not defined. at C:\\Users\\DELL Latitude 5410\\Downloads\\erpNEW\\vendor\\laravel\\framework\\src\\Illuminate\\Log\\LogManager.php:210)
[stacktrace]
#0 C:\\Users\\DELL Latitude 5410\\Downloads\\erpNEW\\vendor\\laravel\\framework\\src\\Illuminate\\Log\\LogManager.php(135): Illuminate\\Log\\LogManager->resolve(NULL, NULL)
#1 C:\\Users\\DELL Latitude 5410\\Downloads\\erpNEW\\vendor\\laravel\\framework\\src\\Illuminate\\Log\\LogManager.php(122): Illuminate\\Log\\LogManager->get(NULL)
#2 C:\\Users\\DELL Latitude 5410\\Downloads\\erpNEW\\vendor\\laravel\\framework\\src\\Illuminate\\Log\\LogManager.php(645): Illuminate\\Log\\LogManager->driver()
#3 C:\\Users\\DELL Latitude 5410\\Downloads\\erpNEW\\vendor\\laravel\\framework\\src\\Illuminate\\Foundation\\Exceptions\\Handler.php(274): Illuminate\\Log\\LogManager->error('syntax error, u...', Array)
#4 C:\\Users\\DELL Latitude 5410\\Downloads\\erpNEW\\vendor\\laravel\\framework\\src\\Illuminate\\Foundation\\Console\\Kernel.php(454): Illuminate\\Foundation\\Exceptions\\Handler->report(Object(ParseError))
#5 C:\\Users\\DELL Latitude 5410\\Downloads\\erpNEW\\vendor\\laravel\\framework\\src\\Illuminate\\Foundation\\Console\\Kernel.php(157): Illuminate\\Foundation\\Console\\Kernel->reportException(Object(ParseError))
#6 Command line code(1): Illuminate\\Foundation\\Console\\Kernel->handle(Object(Symfony\\Component\\Console\\Input\\ArgvInput), Object(Symfony\\Component\\Console\\Output\\ConsoleOutput))
#7 {main}
"} 
[2025-03-25 07:22:08] laravel.ERROR: syntax error, unexpected token "<<", expecting "]" {"exception":"[object] (ParseError(code: 0): syntax error, unexpected token \"<<\", expecting \"]\" at C:\\Users\\DELL Latitude 5410\\Downloads\\erpNEW\\config\\app.php:230)
[stacktrace]
#0 C:\\Users\\DELL Latitude 5410\\Downloads\\erpNEW\\vendor\\laravel\\framework\\src\\Illuminate\\Foundation\\Bootstrap\\LoadConfiguration.php(39): Illuminate\\Foundation\\Bootstrap\\LoadConfiguration->loadConfigurationFiles(Object(Illuminate\\Foundation\\Application), Object(Illuminate\\Config\\Repository))
#1 C:\\Users\\DELL Latitude 5410\\Downloads\\erpNEW\\vendor\\laravel\\framework\\src\\Illuminate\\Foundation\\Application.php(265): Illuminate\\Foundation\\Bootstrap\\LoadConfiguration->bootstrap(Object(Illuminate\\Foundation\\Application))
#2 C:\\Users\\DELL Latitude 5410\\Downloads\\erpNEW\\vendor\\laravel\\framework\\src\\Illuminate\\Foundation\\Console\\Kernel.php(383): Illuminate\\Foundation\\Application->bootstrapWith(Array)
#3 C:\\Users\\DELL Latitude 5410\\Downloads\\erpNEW\\vendor\\laravel\\framework\\src\\Illuminate\\Foundation\\Console\\Kernel.php(153): Illuminate\\Foundation\\Console\\Kernel->bootstrap()
#4 Command line code(1): Illuminate\\Foundation\\Console\\Kernel->handle(Object(Symfony\\Component\\Console\\Input\\ArgvInput), Object(Symfony\\Component\\Console\\Output\\ConsoleOutput))
#5 {main}
"} 
[2025-03-25 07:22:12] laravel.EMERGENCY: Unable to create configured logger. Using emergency logger. {"exception":"[object] (InvalidArgumentException(code: 0): Log [] is not defined. at C:\\Users\\DELL Latitude 5410\\Downloads\\erpNEW\\vendor\\laravel\\framework\\src\\Illuminate\\Log\\LogManager.php:210)
[stacktrace]
#0 C:\\Users\\DELL Latitude 5410\\Downloads\\erpNEW\\vendor\\laravel\\framework\\src\\Illuminate\\Log\\LogManager.php(135): Illuminate\\Log\\LogManager->resolve(NULL, NULL)
#1 C:\\Users\\DELL Latitude 5410\\Downloads\\erpNEW\\vendor\\laravel\\framework\\src\\Illuminate\\Log\\LogManager.php(122): Illuminate\\Log\\LogManager->get(NULL)
#2 C:\\Users\\DELL Latitude 5410\\Downloads\\erpNEW\\vendor\\laravel\\framework\\src\\Illuminate\\Log\\LogManager.php(645): Illuminate\\Log\\LogManager->driver()
#3 C:\\Users\\DELL Latitude 5410\\Downloads\\erpNEW\\vendor\\laravel\\framework\\src\\Illuminate\\Foundation\\Exceptions\\Handler.php(274): Illuminate\\Log\\LogManager->error('syntax error, u...', Array)
#4 C:\\Users\\DELL Latitude 5410\\Downloads\\erpNEW\\vendor\\laravel\\framework\\src\\Illuminate\\Foundation\\Console\\Kernel.php(454): Illuminate\\Foundation\\Exceptions\\Handler->report(Object(ParseError))
#5 C:\\Users\\DELL Latitude 5410\\Downloads\\erpNEW\\vendor\\laravel\\framework\\src\\Illuminate\\Foundation\\Console\\Kernel.php(157): Illuminate\\Foundation\\Console\\Kernel->reportException(Object(ParseError))
#6 Command line code(1): Illuminate\\Foundation\\Console\\Kernel->handle(Object(Symfony\\Component\\Console\\Input\\ArgvInput), Object(Symfony\\Component\\Console\\Output\\ConsoleOutput))
#7 {main}
"} 
[2025-03-25 07:22:12] laravel.ERROR: syntax error, unexpected token "<<", expecting "]" {"exception":"[object] (ParseError(code: 0): syntax error, unexpected token \"<<\", expecting \"]\" at C:\\Users\\DELL Latitude 5410\\Downloads\\erpNEW\\config\\app.php:230)
[stacktrace]
#0 C:\\Users\\DELL Latitude 5410\\Downloads\\erpNEW\\vendor\\laravel\\framework\\src\\Illuminate\\Foundation\\Bootstrap\\LoadConfiguration.php(39): Illuminate\\Foundation\\Bootstrap\\LoadConfiguration->loadConfigurationFiles(Object(Illuminate\\Foundation\\Application), Object(Illuminate\\Config\\Repository))
#1 C:\\Users\\DELL Latitude 5410\\Downloads\\erpNEW\\vendor\\laravel\\framework\\src\\Illuminate\\Foundation\\Application.php(265): Illuminate\\Foundation\\Bootstrap\\LoadConfiguration->bootstrap(Object(Illuminate\\Foundation\\Application))
#2 C:\\Users\\DELL Latitude 5410\\Downloads\\erpNEW\\vendor\\laravel\\framework\\src\\Illuminate\\Foundation\\Console\\Kernel.php(383): Illuminate\\Foundation\\Application->bootstrapWith(Array)
#3 C:\\Users\\DELL Latitude 5410\\Downloads\\erpNEW\\vendor\\laravel\\framework\\src\\Illuminate\\Foundation\\Console\\Kernel.php(153): Illuminate\\Foundation\\Console\\Kernel->bootstrap()
#4 Command line code(1): Illuminate\\Foundation\\Console\\Kernel->handle(Object(Symfony\\Component\\Console\\Input\\ArgvInput), Object(Symfony\\Component\\Console\\Output\\ConsoleOutput))
#5 {main}
"} 
[2025-03-25 07:22:12] laravel.EMERGENCY: Unable to create configured logger. Using emergency logger. {"exception":"[object] (InvalidArgumentException(code: 0): Log [] is not defined. at C:\\Users\\DELL Latitude 5410\\Downloads\\erpNEW\\vendor\\laravel\\framework\\src\\Illuminate\\Log\\LogManager.php:210)
[stacktrace]
#0 C:\\Users\\DELL Latitude 5410\\Downloads\\erpNEW\\vendor\\laravel\\framework\\src\\Illuminate\\Log\\LogManager.php(135): Illuminate\\Log\\LogManager->resolve(NULL, NULL)
#1 C:\\Users\\DELL Latitude 5410\\Downloads\\erpNEW\\vendor\\laravel\\framework\\src\\Illuminate\\Log\\LogManager.php(122): Illuminate\\Log\\LogManager->get(NULL)
#2 C:\\Users\\DELL Latitude 5410\\Downloads\\erpNEW\\vendor\\laravel\\framework\\src\\Illuminate\\Log\\LogManager.php(645): Illuminate\\Log\\LogManager->driver()
#3 C:\\Users\\DELL Latitude 5410\\Downloads\\erpNEW\\vendor\\laravel\\framework\\src\\Illuminate\\Foundation\\Exceptions\\Handler.php(274): Illuminate\\Log\\LogManager->error('syntax error, u...', Array)
#4 C:\\Users\\DELL Latitude 5410\\Downloads\\erpNEW\\vendor\\laravel\\framework\\src\\Illuminate\\Foundation\\Console\\Kernel.php(454): Illuminate\\Foundation\\Exceptions\\Handler->report(Object(ParseError))
#5 C:\\Users\\DELL Latitude 5410\\Downloads\\erpNEW\\vendor\\laravel\\framework\\src\\Illuminate\\Foundation\\Console\\Kernel.php(157): Illuminate\\Foundation\\Console\\Kernel->reportException(Object(ParseError))
#6 Command line code(1): Illuminate\\Foundation\\Console\\Kernel->handle(Object(Symfony\\Component\\Console\\Input\\ArgvInput), Object(Symfony\\Component\\Console\\Output\\ConsoleOutput))
#7 {main}
"} 
[2025-03-25 07:22:12] laravel.ERROR: syntax error, unexpected token "<<", expecting "]" {"exception":"[object] (ParseError(code: 0): syntax error, unexpected token \"<<\", expecting \"]\" at C:\\Users\\DELL Latitude 5410\\Downloads\\erpNEW\\config\\app.php:230)
[stacktrace]
#0 C:\\Users\\DELL Latitude 5410\\Downloads\\erpNEW\\vendor\\laravel\\framework\\src\\Illuminate\\Foundation\\Bootstrap\\LoadConfiguration.php(39): Illuminate\\Foundation\\Bootstrap\\LoadConfiguration->loadConfigurationFiles(Object(Illuminate\\Foundation\\Application), Object(Illuminate\\Config\\Repository))
#1 C:\\Users\\DELL Latitude 5410\\Downloads\\erpNEW\\vendor\\laravel\\framework\\src\\Illuminate\\Foundation\\Application.php(265): Illuminate\\Foundation\\Bootstrap\\LoadConfiguration->bootstrap(Object(Illuminate\\Foundation\\Application))
#2 C:\\Users\\DELL Latitude 5410\\Downloads\\erpNEW\\vendor\\laravel\\framework\\src\\Illuminate\\Foundation\\Console\\Kernel.php(383): Illuminate\\Foundation\\Application->bootstrapWith(Array)
#3 C:\\Users\\DELL Latitude 5410\\Downloads\\erpNEW\\vendor\\laravel\\framework\\src\\Illuminate\\Foundation\\Console\\Kernel.php(153): Illuminate\\Foundation\\Console\\Kernel->bootstrap()
#4 Command line code(1): Illuminate\\Foundation\\Console\\Kernel->handle(Object(Symfony\\Component\\Console\\Input\\ArgvInput), Object(Symfony\\Component\\Console\\Output\\ConsoleOutput))
#5 {main}
"} 
[2025-03-25 07:22:32] laravel.EMERGENCY: Unable to create configured logger. Using emergency logger. {"exception":"[object] (InvalidArgumentException(code: 0): Log [] is not defined. at C:\\Users\\DELL Latitude 5410\\Downloads\\erpNEW\\vendor\\laravel\\framework\\src\\Illuminate\\Log\\LogManager.php:210)
[stacktrace]
#0 C:\\Users\\DELL Latitude 5410\\Downloads\\erpNEW\\vendor\\laravel\\framework\\src\\Illuminate\\Log\\LogManager.php(135): Illuminate\\Log\\LogManager->resolve(NULL, NULL)
#1 C:\\Users\\DELL Latitude 5410\\Downloads\\erpNEW\\vendor\\laravel\\framework\\src\\Illuminate\\Log\\LogManager.php(122): Illuminate\\Log\\LogManager->get(NULL)
#2 C:\\Users\\DELL Latitude 5410\\Downloads\\erpNEW\\vendor\\laravel\\framework\\src\\Illuminate\\Log\\LogManager.php(645): Illuminate\\Log\\LogManager->driver()
#3 C:\\Users\\DELL Latitude 5410\\Downloads\\erpNEW\\vendor\\laravel\\framework\\src\\Illuminate\\Foundation\\Exceptions\\Handler.php(274): Illuminate\\Log\\LogManager->error('syntax error, u...', Array)
#4 C:\\Users\\DELL Latitude 5410\\Downloads\\erpNEW\\vendor\\laravel\\framework\\src\\Illuminate\\Foundation\\Console\\Kernel.php(454): Illuminate\\Foundation\\Exceptions\\Handler->report(Object(ParseError))
#5 C:\\Users\\DELL Latitude 5410\\Downloads\\erpNEW\\vendor\\laravel\\framework\\src\\Illuminate\\Foundation\\Console\\Kernel.php(157): Illuminate\\Foundation\\Console\\Kernel->reportException(Object(ParseError))
#6 Command line code(1): Illuminate\\Foundation\\Console\\Kernel->handle(Object(Symfony\\Component\\Console\\Input\\ArgvInput), Object(Symfony\\Component\\Console\\Output\\ConsoleOutput))
#7 {main}
"} 
[2025-03-25 07:22:32] laravel.ERROR: syntax error, unexpected token "<<", expecting "]" {"exception":"[object] (ParseError(code: 0): syntax error, unexpected token \"<<\", expecting \"]\" at C:\\Users\\DELL Latitude 5410\\Downloads\\erpNEW\\config\\app.php:230)
[stacktrace]
#0 C:\\Users\\DELL Latitude 5410\\Downloads\\erpNEW\\vendor\\laravel\\framework\\src\\Illuminate\\Foundation\\Bootstrap\\LoadConfiguration.php(39): Illuminate\\Foundation\\Bootstrap\\LoadConfiguration->loadConfigurationFiles(Object(Illuminate\\Foundation\\Application), Object(Illuminate\\Config\\Repository))
#1 C:\\Users\\DELL Latitude 5410\\Downloads\\erpNEW\\vendor\\laravel\\framework\\src\\Illuminate\\Foundation\\Application.php(265): Illuminate\\Foundation\\Bootstrap\\LoadConfiguration->bootstrap(Object(Illuminate\\Foundation\\Application))
#2 C:\\Users\\DELL Latitude 5410\\Downloads\\erpNEW\\vendor\\laravel\\framework\\src\\Illuminate\\Foundation\\Console\\Kernel.php(383): Illuminate\\Foundation\\Application->bootstrapWith(Array)
#3 C:\\Users\\DELL Latitude 5410\\Downloads\\erpNEW\\vendor\\laravel\\framework\\src\\Illuminate\\Foundation\\Console\\Kernel.php(153): Illuminate\\Foundation\\Console\\Kernel->bootstrap()
#4 Command line code(1): Illuminate\\Foundation\\Console\\Kernel->handle(Object(Symfony\\Component\\Console\\Input\\ArgvInput), Object(Symfony\\Component\\Console\\Output\\ConsoleOutput))
#5 {main}
"} 
[2025-03-25 07:22:43] laravel.EMERGENCY: Unable to create configured logger. Using emergency logger. {"exception":"[object] (InvalidArgumentException(code: 0): Log [] is not defined. at C:\\Users\\DELL Latitude 5410\\Downloads\\erpNEW\\vendor\\laravel\\framework\\src\\Illuminate\\Log\\LogManager.php:210)
[stacktrace]
#0 C:\\Users\\DELL Latitude 5410\\Downloads\\erpNEW\\vendor\\laravel\\framework\\src\\Illuminate\\Log\\LogManager.php(135): Illuminate\\Log\\LogManager->resolve(NULL, NULL)
#1 C:\\Users\\DELL Latitude 5410\\Downloads\\erpNEW\\vendor\\laravel\\framework\\src\\Illuminate\\Log\\LogManager.php(122): Illuminate\\Log\\LogManager->get(NULL)
#2 C:\\Users\\DELL Latitude 5410\\Downloads\\erpNEW\\vendor\\laravel\\framework\\src\\Illuminate\\Log\\LogManager.php(645): Illuminate\\Log\\LogManager->driver()
#3 C:\\Users\\DELL Latitude 5410\\Downloads\\erpNEW\\vendor\\laravel\\framework\\src\\Illuminate\\Foundation\\Exceptions\\Handler.php(274): Illuminate\\Log\\LogManager->error('syntax error, u...', Array)
#4 C:\\Users\\DELL Latitude 5410\\Downloads\\erpNEW\\vendor\\laravel\\framework\\src\\Illuminate\\Foundation\\Console\\Kernel.php(454): Illuminate\\Foundation\\Exceptions\\Handler->report(Object(ParseError))
#5 C:\\Users\\DELL Latitude 5410\\Downloads\\erpNEW\\vendor\\laravel\\framework\\src\\Illuminate\\Foundation\\Console\\Kernel.php(157): Illuminate\\Foundation\\Console\\Kernel->reportException(Object(ParseError))
#6 Command line code(1): Illuminate\\Foundation\\Console\\Kernel->handle(Object(Symfony\\Component\\Console\\Input\\ArgvInput), Object(Symfony\\Component\\Console\\Output\\ConsoleOutput))
#7 {main}
"} 
[2025-03-25 07:22:43] laravel.ERROR: syntax error, unexpected token "<<", expecting "]" {"exception":"[object] (ParseError(code: 0): syntax error, unexpected token \"<<\", expecting \"]\" at C:\\Users\\DELL Latitude 5410\\Downloads\\erpNEW\\config\\app.php:230)
[stacktrace]
#0 C:\\Users\\DELL Latitude 5410\\Downloads\\erpNEW\\vendor\\laravel\\framework\\src\\Illuminate\\Foundation\\Bootstrap\\LoadConfiguration.php(39): Illuminate\\Foundation\\Bootstrap\\LoadConfiguration->loadConfigurationFiles(Object(Illuminate\\Foundation\\Application), Object(Illuminate\\Config\\Repository))
#1 C:\\Users\\DELL Latitude 5410\\Downloads\\erpNEW\\vendor\\laravel\\framework\\src\\Illuminate\\Foundation\\Application.php(265): Illuminate\\Foundation\\Bootstrap\\LoadConfiguration->bootstrap(Object(Illuminate\\Foundation\\Application))
#2 C:\\Users\\DELL Latitude 5410\\Downloads\\erpNEW\\vendor\\laravel\\framework\\src\\Illuminate\\Foundation\\Console\\Kernel.php(383): Illuminate\\Foundation\\Application->bootstrapWith(Array)
#3 C:\\Users\\DELL Latitude 5410\\Downloads\\erpNEW\\vendor\\laravel\\framework\\src\\Illuminate\\Foundation\\Console\\Kernel.php(153): Illuminate\\Foundation\\Console\\Kernel->bootstrap()
#4 Command line code(1): Illuminate\\Foundation\\Console\\Kernel->handle(Object(Symfony\\Component\\Console\\Input\\ArgvInput), Object(Symfony\\Component\\Console\\Output\\ConsoleOutput))
#5 {main}
"} 
[2025-03-25 07:22:43] laravel.EMERGENCY: Unable to create configured logger. Using emergency logger. {"exception":"[object] (InvalidArgumentException(code: 0): Log [] is not defined. at C:\\Users\\DELL Latitude 5410\\Downloads\\erpNEW\\vendor\\laravel\\framework\\src\\Illuminate\\Log\\LogManager.php:210)
[stacktrace]
#0 C:\\Users\\DELL Latitude 5410\\Downloads\\erpNEW\\vendor\\laravel\\framework\\src\\Illuminate\\Log\\LogManager.php(135): Illuminate\\Log\\LogManager->resolve(NULL, NULL)
#1 C:\\Users\\DELL Latitude 5410\\Downloads\\erpNEW\\vendor\\laravel\\framework\\src\\Illuminate\\Log\\LogManager.php(122): Illuminate\\Log\\LogManager->get(NULL)
#2 C:\\Users\\DELL Latitude 5410\\Downloads\\erpNEW\\vendor\\laravel\\framework\\src\\Illuminate\\Log\\LogManager.php(645): Illuminate\\Log\\LogManager->driver()
#3 C:\\Users\\DELL Latitude 5410\\Downloads\\erpNEW\\vendor\\laravel\\framework\\src\\Illuminate\\Foundation\\Exceptions\\Handler.php(274): Illuminate\\Log\\LogManager->error('syntax error, u...', Array)
#4 C:\\Users\\DELL Latitude 5410\\Downloads\\erpNEW\\vendor\\laravel\\framework\\src\\Illuminate\\Foundation\\Console\\Kernel.php(454): Illuminate\\Foundation\\Exceptions\\Handler->report(Object(ParseError))
#5 C:\\Users\\DELL Latitude 5410\\Downloads\\erpNEW\\vendor\\laravel\\framework\\src\\Illuminate\\Foundation\\Console\\Kernel.php(157): Illuminate\\Foundation\\Console\\Kernel->reportException(Object(ParseError))
#6 Command line code(1): Illuminate\\Foundation\\Console\\Kernel->handle(Object(Symfony\\Component\\Console\\Input\\ArgvInput), Object(Symfony\\Component\\Console\\Output\\ConsoleOutput))
#7 {main}
"} 
[2025-03-25 07:22:43] laravel.ERROR: syntax error, unexpected token "<<", expecting "]" {"exception":"[object] (ParseError(code: 0): syntax error, unexpected token \"<<\", expecting \"]\" at C:\\Users\\DELL Latitude 5410\\Downloads\\erpNEW\\config\\app.php:230)
[stacktrace]
#0 C:\\Users\\DELL Latitude 5410\\Downloads\\erpNEW\\vendor\\laravel\\framework\\src\\Illuminate\\Foundation\\Bootstrap\\LoadConfiguration.php(39): Illuminate\\Foundation\\Bootstrap\\LoadConfiguration->loadConfigurationFiles(Object(Illuminate\\Foundation\\Application), Object(Illuminate\\Config\\Repository))
#1 C:\\Users\\DELL Latitude 5410\\Downloads\\erpNEW\\vendor\\laravel\\framework\\src\\Illuminate\\Foundation\\Application.php(265): Illuminate\\Foundation\\Bootstrap\\LoadConfiguration->bootstrap(Object(Illuminate\\Foundation\\Application))
#2 C:\\Users\\DELL Latitude 5410\\Downloads\\erpNEW\\vendor\\laravel\\framework\\src\\Illuminate\\Foundation\\Console\\Kernel.php(383): Illuminate\\Foundation\\Application->bootstrapWith(Array)
#3 C:\\Users\\DELL Latitude 5410\\Downloads\\erpNEW\\vendor\\laravel\\framework\\src\\Illuminate\\Foundation\\Console\\Kernel.php(153): Illuminate\\Foundation\\Console\\Kernel->bootstrap()
#4 Command line code(1): Illuminate\\Foundation\\Console\\Kernel->handle(Object(Symfony\\Component\\Console\\Input\\ArgvInput), Object(Symfony\\Component\\Console\\Output\\ConsoleOutput))
#5 {main}
"} 
[2025-03-25 07:23:42] laravel.EMERGENCY: Unable to create configured logger. Using emergency logger. {"exception":"[object] (InvalidArgumentException(code: 0): Log [] is not defined. at C:\\Users\\DELL Latitude 5410\\Downloads\\erpNEW\\vendor\\laravel\\framework\\src\\Illuminate\\Log\\LogManager.php:210)
[stacktrace]
#0 C:\\Users\\DELL Latitude 5410\\Downloads\\erpNEW\\vendor\\laravel\\framework\\src\\Illuminate\\Log\\LogManager.php(135): Illuminate\\Log\\LogManager->resolve(NULL, NULL)
#1 C:\\Users\\DELL Latitude 5410\\Downloads\\erpNEW\\vendor\\laravel\\framework\\src\\Illuminate\\Log\\LogManager.php(122): Illuminate\\Log\\LogManager->get(NULL)
#2 C:\\Users\\DELL Latitude 5410\\Downloads\\erpNEW\\vendor\\laravel\\framework\\src\\Illuminate\\Log\\LogManager.php(645): Illuminate\\Log\\LogManager->driver()
#3 C:\\Users\\DELL Latitude 5410\\Downloads\\erpNEW\\vendor\\laravel\\framework\\src\\Illuminate\\Foundation\\Exceptions\\Handler.php(274): Illuminate\\Log\\LogManager->error('syntax error, u...', Array)
#4 C:\\Users\\DELL Latitude 5410\\Downloads\\erpNEW\\vendor\\laravel\\framework\\src\\Illuminate\\Foundation\\Console\\Kernel.php(454): Illuminate\\Foundation\\Exceptions\\Handler->report(Object(ParseError))
#5 C:\\Users\\DELL Latitude 5410\\Downloads\\erpNEW\\vendor\\laravel\\framework\\src\\Illuminate\\Foundation\\Console\\Kernel.php(157): Illuminate\\Foundation\\Console\\Kernel->reportException(Object(ParseError))
#6 Command line code(1): Illuminate\\Foundation\\Console\\Kernel->handle(Object(Symfony\\Component\\Console\\Input\\ArgvInput), Object(Symfony\\Component\\Console\\Output\\ConsoleOutput))
#7 {main}
"} 
[2025-03-25 07:23:42] laravel.ERROR: syntax error, unexpected token "<<", expecting "]" {"exception":"[object] (ParseError(code: 0): syntax error, unexpected token \"<<\", expecting \"]\" at C:\\Users\\DELL Latitude 5410\\Downloads\\erpNEW\\config\\app.php:230)
[stacktrace]
#0 C:\\Users\\DELL Latitude 5410\\Downloads\\erpNEW\\vendor\\laravel\\framework\\src\\Illuminate\\Foundation\\Bootstrap\\LoadConfiguration.php(39): Illuminate\\Foundation\\Bootstrap\\LoadConfiguration->loadConfigurationFiles(Object(Illuminate\\Foundation\\Application), Object(Illuminate\\Config\\Repository))
#1 C:\\Users\\DELL Latitude 5410\\Downloads\\erpNEW\\vendor\\laravel\\framework\\src\\Illuminate\\Foundation\\Application.php(265): Illuminate\\Foundation\\Bootstrap\\LoadConfiguration->bootstrap(Object(Illuminate\\Foundation\\Application))
#2 C:\\Users\\DELL Latitude 5410\\Downloads\\erpNEW\\vendor\\laravel\\framework\\src\\Illuminate\\Foundation\\Console\\Kernel.php(383): Illuminate\\Foundation\\Application->bootstrapWith(Array)
#3 C:\\Users\\DELL Latitude 5410\\Downloads\\erpNEW\\vendor\\laravel\\framework\\src\\Illuminate\\Foundation\\Console\\Kernel.php(153): Illuminate\\Foundation\\Console\\Kernel->bootstrap()
#4 Command line code(1): Illuminate\\Foundation\\Console\\Kernel->handle(Object(Symfony\\Component\\Console\\Input\\ArgvInput), Object(Symfony\\Component\\Console\\Output\\ConsoleOutput))
#5 {main}
"} 
[2025-03-25 07:23:42] laravel.EMERGENCY: Unable to create configured logger. Using emergency logger. {"exception":"[object] (InvalidArgumentException(code: 0): Log [] is not defined. at C:\\Users\\DELL Latitude 5410\\Downloads\\erpNEW\\vendor\\laravel\\framework\\src\\Illuminate\\Log\\LogManager.php:210)
[stacktrace]
#0 C:\\Users\\DELL Latitude 5410\\Downloads\\erpNEW\\vendor\\laravel\\framework\\src\\Illuminate\\Log\\LogManager.php(135): Illuminate\\Log\\LogManager->resolve(NULL, NULL)
#1 C:\\Users\\DELL Latitude 5410\\Downloads\\erpNEW\\vendor\\laravel\\framework\\src\\Illuminate\\Log\\LogManager.php(122): Illuminate\\Log\\LogManager->get(NULL)
#2 C:\\Users\\DELL Latitude 5410\\Downloads\\erpNEW\\vendor\\laravel\\framework\\src\\Illuminate\\Log\\LogManager.php(645): Illuminate\\Log\\LogManager->driver()
#3 C:\\Users\\DELL Latitude 5410\\Downloads\\erpNEW\\vendor\\laravel\\framework\\src\\Illuminate\\Foundation\\Exceptions\\Handler.php(274): Illuminate\\Log\\LogManager->error('syntax error, u...', Array)
#4 C:\\Users\\DELL Latitude 5410\\Downloads\\erpNEW\\vendor\\laravel\\framework\\src\\Illuminate\\Foundation\\Console\\Kernel.php(454): Illuminate\\Foundation\\Exceptions\\Handler->report(Object(ParseError))
#5 C:\\Users\\DELL Latitude 5410\\Downloads\\erpNEW\\vendor\\laravel\\framework\\src\\Illuminate\\Foundation\\Console\\Kernel.php(157): Illuminate\\Foundation\\Console\\Kernel->reportException(Object(ParseError))
#6 Command line code(1): Illuminate\\Foundation\\Console\\Kernel->handle(Object(Symfony\\Component\\Console\\Input\\ArgvInput), Object(Symfony\\Component\\Console\\Output\\ConsoleOutput))
#7 {main}
"} 
[2025-03-25 07:23:42] laravel.ERROR: syntax error, unexpected token "<<", expecting "]" {"exception":"[object] (ParseError(code: 0): syntax error, unexpected token \"<<\", expecting \"]\" at C:\\Users\\DELL Latitude 5410\\Downloads\\erpNEW\\config\\app.php:230)
[stacktrace]
#0 C:\\Users\\DELL Latitude 5410\\Downloads\\erpNEW\\vendor\\laravel\\framework\\src\\Illuminate\\Foundation\\Bootstrap\\LoadConfiguration.php(39): Illuminate\\Foundation\\Bootstrap\\LoadConfiguration->loadConfigurationFiles(Object(Illuminate\\Foundation\\Application), Object(Illuminate\\Config\\Repository))
#1 C:\\Users\\DELL Latitude 5410\\Downloads\\erpNEW\\vendor\\laravel\\framework\\src\\Illuminate\\Foundation\\Application.php(265): Illuminate\\Foundation\\Bootstrap\\LoadConfiguration->bootstrap(Object(Illuminate\\Foundation\\Application))
#2 C:\\Users\\DELL Latitude 5410\\Downloads\\erpNEW\\vendor\\laravel\\framework\\src\\Illuminate\\Foundation\\Console\\Kernel.php(383): Illuminate\\Foundation\\Application->bootstrapWith(Array)
#3 C:\\Users\\DELL Latitude 5410\\Downloads\\erpNEW\\vendor\\laravel\\framework\\src\\Illuminate\\Foundation\\Console\\Kernel.php(153): Illuminate\\Foundation\\Console\\Kernel->bootstrap()
#4 Command line code(1): Illuminate\\Foundation\\Console\\Kernel->handle(Object(Symfony\\Component\\Console\\Input\\ArgvInput), Object(Symfony\\Component\\Console\\Output\\ConsoleOutput))
#5 {main}
"} 
[2025-03-25 07:24:42] laravel.EMERGENCY: Unable to create configured logger. Using emergency logger. {"exception":"[object] (InvalidArgumentException(code: 0): Log [] is not defined. at C:\\Users\\DELL Latitude 5410\\Downloads\\erpNEW\\vendor\\laravel\\framework\\src\\Illuminate\\Log\\LogManager.php:210)
[stacktrace]
#0 C:\\Users\\DELL Latitude 5410\\Downloads\\erpNEW\\vendor\\laravel\\framework\\src\\Illuminate\\Log\\LogManager.php(135): Illuminate\\Log\\LogManager->resolve(NULL, NULL)
#1 C:\\Users\\DELL Latitude 5410\\Downloads\\erpNEW\\vendor\\laravel\\framework\\src\\Illuminate\\Log\\LogManager.php(122): Illuminate\\Log\\LogManager->get(NULL)
#2 C:\\Users\\DELL Latitude 5410\\Downloads\\erpNEW\\vendor\\laravel\\framework\\src\\Illuminate\\Log\\LogManager.php(645): Illuminate\\Log\\LogManager->driver()
#3 C:\\Users\\DELL Latitude 5410\\Downloads\\erpNEW\\vendor\\laravel\\framework\\src\\Illuminate\\Foundation\\Exceptions\\Handler.php(274): Illuminate\\Log\\LogManager->error('syntax error, u...', Array)
#4 C:\\Users\\DELL Latitude 5410\\Downloads\\erpNEW\\vendor\\laravel\\framework\\src\\Illuminate\\Foundation\\Console\\Kernel.php(454): Illuminate\\Foundation\\Exceptions\\Handler->report(Object(ParseError))
#5 C:\\Users\\DELL Latitude 5410\\Downloads\\erpNEW\\vendor\\laravel\\framework\\src\\Illuminate\\Foundation\\Console\\Kernel.php(157): Illuminate\\Foundation\\Console\\Kernel->reportException(Object(ParseError))
#6 Command line code(1): Illuminate\\Foundation\\Console\\Kernel->handle(Object(Symfony\\Component\\Console\\Input\\ArgvInput), Object(Symfony\\Component\\Console\\Output\\ConsoleOutput))
#7 {main}
"} 
[2025-03-25 07:24:42] laravel.ERROR: syntax error, unexpected token "<<", expecting "]" {"exception":"[object] (ParseError(code: 0): syntax error, unexpected token \"<<\", expecting \"]\" at C:\\Users\\DELL Latitude 5410\\Downloads\\erpNEW\\config\\app.php:230)
[stacktrace]
#0 C:\\Users\\DELL Latitude 5410\\Downloads\\erpNEW\\vendor\\laravel\\framework\\src\\Illuminate\\Foundation\\Bootstrap\\LoadConfiguration.php(39): Illuminate\\Foundation\\Bootstrap\\LoadConfiguration->loadConfigurationFiles(Object(Illuminate\\Foundation\\Application), Object(Illuminate\\Config\\Repository))
#1 C:\\Users\\DELL Latitude 5410\\Downloads\\erpNEW\\vendor\\laravel\\framework\\src\\Illuminate\\Foundation\\Application.php(265): Illuminate\\Foundation\\Bootstrap\\LoadConfiguration->bootstrap(Object(Illuminate\\Foundation\\Application))
#2 C:\\Users\\DELL Latitude 5410\\Downloads\\erpNEW\\vendor\\laravel\\framework\\src\\Illuminate\\Foundation\\Console\\Kernel.php(383): Illuminate\\Foundation\\Application->bootstrapWith(Array)
#3 C:\\Users\\DELL Latitude 5410\\Downloads\\erpNEW\\vendor\\laravel\\framework\\src\\Illuminate\\Foundation\\Console\\Kernel.php(153): Illuminate\\Foundation\\Console\\Kernel->bootstrap()
#4 Command line code(1): Illuminate\\Foundation\\Console\\Kernel->handle(Object(Symfony\\Component\\Console\\Input\\ArgvInput), Object(Symfony\\Component\\Console\\Output\\ConsoleOutput))
#5 {main}
"} 
[2025-03-25 07:24:42] laravel.EMERGENCY: Unable to create configured logger. Using emergency logger. {"exception":"[object] (InvalidArgumentException(code: 0): Log [] is not defined. at C:\\Users\\DELL Latitude 5410\\Downloads\\erpNEW\\vendor\\laravel\\framework\\src\\Illuminate\\Log\\LogManager.php:210)
[stacktrace]
#0 C:\\Users\\DELL Latitude 5410\\Downloads\\erpNEW\\vendor\\laravel\\framework\\src\\Illuminate\\Log\\LogManager.php(135): Illuminate\\Log\\LogManager->resolve(NULL, NULL)
#1 C:\\Users\\DELL Latitude 5410\\Downloads\\erpNEW\\vendor\\laravel\\framework\\src\\Illuminate\\Log\\LogManager.php(122): Illuminate\\Log\\LogManager->get(NULL)
#2 C:\\Users\\DELL Latitude 5410\\Downloads\\erpNEW\\vendor\\laravel\\framework\\src\\Illuminate\\Log\\LogManager.php(645): Illuminate\\Log\\LogManager->driver()
#3 C:\\Users\\DELL Latitude 5410\\Downloads\\erpNEW\\vendor\\laravel\\framework\\src\\Illuminate\\Foundation\\Exceptions\\Handler.php(274): Illuminate\\Log\\LogManager->error('syntax error, u...', Array)
#4 C:\\Users\\DELL Latitude 5410\\Downloads\\erpNEW\\vendor\\laravel\\framework\\src\\Illuminate\\Foundation\\Console\\Kernel.php(454): Illuminate\\Foundation\\Exceptions\\Handler->report(Object(ParseError))
#5 C:\\Users\\DELL Latitude 5410\\Downloads\\erpNEW\\vendor\\laravel\\framework\\src\\Illuminate\\Foundation\\Console\\Kernel.php(157): Illuminate\\Foundation\\Console\\Kernel->reportException(Object(ParseError))
#6 Command line code(1): Illuminate\\Foundation\\Console\\Kernel->handle(Object(Symfony\\Component\\Console\\Input\\ArgvInput), Object(Symfony\\Component\\Console\\Output\\ConsoleOutput))
#7 {main}
"} 
[2025-03-25 07:24:42] laravel.ERROR: syntax error, unexpected token "<<", expecting "]" {"exception":"[object] (ParseError(code: 0): syntax error, unexpected token \"<<\", expecting \"]\" at C:\\Users\\DELL Latitude 5410\\Downloads\\erpNEW\\config\\app.php:230)
[stacktrace]
#0 C:\\Users\\DELL Latitude 5410\\Downloads\\erpNEW\\vendor\\laravel\\framework\\src\\Illuminate\\Foundation\\Bootstrap\\LoadConfiguration.php(39): Illuminate\\Foundation\\Bootstrap\\LoadConfiguration->loadConfigurationFiles(Object(Illuminate\\Foundation\\Application), Object(Illuminate\\Config\\Repository))
#1 C:\\Users\\DELL Latitude 5410\\Downloads\\erpNEW\\vendor\\laravel\\framework\\src\\Illuminate\\Foundation\\Application.php(265): Illuminate\\Foundation\\Bootstrap\\LoadConfiguration->bootstrap(Object(Illuminate\\Foundation\\Application))
#2 C:\\Users\\DELL Latitude 5410\\Downloads\\erpNEW\\vendor\\laravel\\framework\\src\\Illuminate\\Foundation\\Console\\Kernel.php(383): Illuminate\\Foundation\\Application->bootstrapWith(Array)
#3 C:\\Users\\DELL Latitude 5410\\Downloads\\erpNEW\\vendor\\laravel\\framework\\src\\Illuminate\\Foundation\\Console\\Kernel.php(153): Illuminate\\Foundation\\Console\\Kernel->bootstrap()
#4 Command line code(1): Illuminate\\Foundation\\Console\\Kernel->handle(Object(Symfony\\Component\\Console\\Input\\ArgvInput), Object(Symfony\\Component\\Console\\Output\\ConsoleOutput))
#5 {main}
"} 
[2025-03-25 07:24:42] laravel.EMERGENCY: Unable to create configured logger. Using emergency logger. {"exception":"[object] (InvalidArgumentException(code: 0): Log [] is not defined. at C:\\Users\\DELL Latitude 5410\\Downloads\\erpNEW\\vendor\\laravel\\framework\\src\\Illuminate\\Log\\LogManager.php:210)
[stacktrace]
#0 C:\\Users\\DELL Latitude 5410\\Downloads\\erpNEW\\vendor\\laravel\\framework\\src\\Illuminate\\Log\\LogManager.php(135): Illuminate\\Log\\LogManager->resolve(NULL, NULL)
#1 C:\\Users\\DELL Latitude 5410\\Downloads\\erpNEW\\vendor\\laravel\\framework\\src\\Illuminate\\Log\\LogManager.php(122): Illuminate\\Log\\LogManager->get(NULL)
#2 C:\\Users\\DELL Latitude 5410\\Downloads\\erpNEW\\vendor\\laravel\\framework\\src\\Illuminate\\Log\\LogManager.php(645): Illuminate\\Log\\LogManager->driver()
#3 C:\\Users\\DELL Latitude 5410\\Downloads\\erpNEW\\vendor\\laravel\\framework\\src\\Illuminate\\Foundation\\Exceptions\\Handler.php(274): Illuminate\\Log\\LogManager->error('syntax error, u...', Array)
#4 C:\\Users\\DELL Latitude 5410\\Downloads\\erpNEW\\vendor\\laravel\\framework\\src\\Illuminate\\Foundation\\Console\\Kernel.php(454): Illuminate\\Foundation\\Exceptions\\Handler->report(Object(ParseError))
#5 C:\\Users\\DELL Latitude 5410\\Downloads\\erpNEW\\vendor\\laravel\\framework\\src\\Illuminate\\Foundation\\Console\\Kernel.php(157): Illuminate\\Foundation\\Console\\Kernel->reportException(Object(ParseError))
#6 Command line code(1): Illuminate\\Foundation\\Console\\Kernel->handle(Object(Symfony\\Component\\Console\\Input\\ArgvInput), Object(Symfony\\Component\\Console\\Output\\ConsoleOutput))
#7 {main}
"} 
[2025-03-25 07:24:42] laravel.ERROR: syntax error, unexpected token "<<", expecting "]" {"exception":"[object] (ParseError(code: 0): syntax error, unexpected token \"<<\", expecting \"]\" at C:\\Users\\DELL Latitude 5410\\Downloads\\erpNEW\\config\\app.php:230)
[stacktrace]
#0 C:\\Users\\DELL Latitude 5410\\Downloads\\erpNEW\\vendor\\laravel\\framework\\src\\Illuminate\\Foundation\\Bootstrap\\LoadConfiguration.php(39): Illuminate\\Foundation\\Bootstrap\\LoadConfiguration->loadConfigurationFiles(Object(Illuminate\\Foundation\\Application), Object(Illuminate\\Config\\Repository))
#1 C:\\Users\\DELL Latitude 5410\\Downloads\\erpNEW\\vendor\\laravel\\framework\\src\\Illuminate\\Foundation\\Application.php(265): Illuminate\\Foundation\\Bootstrap\\LoadConfiguration->bootstrap(Object(Illuminate\\Foundation\\Application))
#2 C:\\Users\\DELL Latitude 5410\\Downloads\\erpNEW\\vendor\\laravel\\framework\\src\\Illuminate\\Foundation\\Console\\Kernel.php(383): Illuminate\\Foundation\\Application->bootstrapWith(Array)
#3 C:\\Users\\DELL Latitude 5410\\Downloads\\erpNEW\\vendor\\laravel\\framework\\src\\Illuminate\\Foundation\\Console\\Kernel.php(153): Illuminate\\Foundation\\Console\\Kernel->bootstrap()
#4 Command line code(1): Illuminate\\Foundation\\Console\\Kernel->handle(Object(Symfony\\Component\\Console\\Input\\ArgvInput), Object(Symfony\\Component\\Console\\Output\\ConsoleOutput))
#5 {main}
"} 
[2025-03-25 07:25:42] laravel.EMERGENCY: Unable to create configured logger. Using emergency logger. {"exception":"[object] (InvalidArgumentException(code: 0): Log [] is not defined. at C:\\Users\\DELL Latitude 5410\\Downloads\\erpNEW\\vendor\\laravel\\framework\\src\\Illuminate\\Log\\LogManager.php:210)
[stacktrace]
#0 C:\\Users\\DELL Latitude 5410\\Downloads\\erpNEW\\vendor\\laravel\\framework\\src\\Illuminate\\Log\\LogManager.php(135): Illuminate\\Log\\LogManager->resolve(NULL, NULL)
#1 C:\\Users\\DELL Latitude 5410\\Downloads\\erpNEW\\vendor\\laravel\\framework\\src\\Illuminate\\Log\\LogManager.php(122): Illuminate\\Log\\LogManager->get(NULL)
#2 C:\\Users\\DELL Latitude 5410\\Downloads\\erpNEW\\vendor\\laravel\\framework\\src\\Illuminate\\Log\\LogManager.php(645): Illuminate\\Log\\LogManager->driver()
#3 C:\\Users\\DELL Latitude 5410\\Downloads\\erpNEW\\vendor\\laravel\\framework\\src\\Illuminate\\Foundation\\Exceptions\\Handler.php(274): Illuminate\\Log\\LogManager->error('syntax error, u...', Array)
#4 C:\\Users\\DELL Latitude 5410\\Downloads\\erpNEW\\vendor\\laravel\\framework\\src\\Illuminate\\Foundation\\Console\\Kernel.php(454): Illuminate\\Foundation\\Exceptions\\Handler->report(Object(ParseError))
#5 C:\\Users\\DELL Latitude 5410\\Downloads\\erpNEW\\vendor\\laravel\\framework\\src\\Illuminate\\Foundation\\Console\\Kernel.php(157): Illuminate\\Foundation\\Console\\Kernel->reportException(Object(ParseError))
#6 Command line code(1): Illuminate\\Foundation\\Console\\Kernel->handle(Object(Symfony\\Component\\Console\\Input\\ArgvInput), Object(Symfony\\Component\\Console\\Output\\ConsoleOutput))
#7 {main}
"} 
[2025-03-25 07:25:42] laravel.ERROR: syntax error, unexpected token "<<", expecting "]" {"exception":"[object] (ParseError(code: 0): syntax error, unexpected token \"<<\", expecting \"]\" at C:\\Users\\DELL Latitude 5410\\Downloads\\erpNEW\\config\\app.php:230)
[stacktrace]
#0 C:\\Users\\DELL Latitude 5410\\Downloads\\erpNEW\\vendor\\laravel\\framework\\src\\Illuminate\\Foundation\\Bootstrap\\LoadConfiguration.php(39): Illuminate\\Foundation\\Bootstrap\\LoadConfiguration->loadConfigurationFiles(Object(Illuminate\\Foundation\\Application), Object(Illuminate\\Config\\Repository))
#1 C:\\Users\\DELL Latitude 5410\\Downloads\\erpNEW\\vendor\\laravel\\framework\\src\\Illuminate\\Foundation\\Application.php(265): Illuminate\\Foundation\\Bootstrap\\LoadConfiguration->bootstrap(Object(Illuminate\\Foundation\\Application))
#2 C:\\Users\\DELL Latitude 5410\\Downloads\\erpNEW\\vendor\\laravel\\framework\\src\\Illuminate\\Foundation\\Console\\Kernel.php(383): Illuminate\\Foundation\\Application->bootstrapWith(Array)
#3 C:\\Users\\DELL Latitude 5410\\Downloads\\erpNEW\\vendor\\laravel\\framework\\src\\Illuminate\\Foundation\\Console\\Kernel.php(153): Illuminate\\Foundation\\Console\\Kernel->bootstrap()
#4 Command line code(1): Illuminate\\Foundation\\Console\\Kernel->handle(Object(Symfony\\Component\\Console\\Input\\ArgvInput), Object(Symfony\\Component\\Console\\Output\\ConsoleOutput))
#5 {main}
"} 
[2025-03-25 07:25:42] laravel.EMERGENCY: Unable to create configured logger. Using emergency logger. {"exception":"[object] (InvalidArgumentException(code: 0): Log [] is not defined. at C:\\Users\\DELL Latitude 5410\\Downloads\\erpNEW\\vendor\\laravel\\framework\\src\\Illuminate\\Log\\LogManager.php:210)
[stacktrace]
#0 C:\\Users\\DELL Latitude 5410\\Downloads\\erpNEW\\vendor\\laravel\\framework\\src\\Illuminate\\Log\\LogManager.php(135): Illuminate\\Log\\LogManager->resolve(NULL, NULL)
#1 C:\\Users\\DELL Latitude 5410\\Downloads\\erpNEW\\vendor\\laravel\\framework\\src\\Illuminate\\Log\\LogManager.php(122): Illuminate\\Log\\LogManager->get(NULL)
#2 C:\\Users\\DELL Latitude 5410\\Downloads\\erpNEW\\vendor\\laravel\\framework\\src\\Illuminate\\Log\\LogManager.php(645): Illuminate\\Log\\LogManager->driver()
#3 C:\\Users\\DELL Latitude 5410\\Downloads\\erpNEW\\vendor\\laravel\\framework\\src\\Illuminate\\Foundation\\Exceptions\\Handler.php(274): Illuminate\\Log\\LogManager->error('syntax error, u...', Array)
#4 C:\\Users\\DELL Latitude 5410\\Downloads\\erpNEW\\vendor\\laravel\\framework\\src\\Illuminate\\Foundation\\Console\\Kernel.php(454): Illuminate\\Foundation\\Exceptions\\Handler->report(Object(ParseError))
#5 C:\\Users\\DELL Latitude 5410\\Downloads\\erpNEW\\vendor\\laravel\\framework\\src\\Illuminate\\Foundation\\Console\\Kernel.php(157): Illuminate\\Foundation\\Console\\Kernel->reportException(Object(ParseError))
#6 Command line code(1): Illuminate\\Foundation\\Console\\Kernel->handle(Object(Symfony\\Component\\Console\\Input\\ArgvInput), Object(Symfony\\Component\\Console\\Output\\ConsoleOutput))
#7 {main}
"} 
[2025-03-25 07:25:42] laravel.ERROR: syntax error, unexpected token "<<", expecting "]" {"exception":"[object] (ParseError(code: 0): syntax error, unexpected token \"<<\", expecting \"]\" at C:\\Users\\DELL Latitude 5410\\Downloads\\erpNEW\\config\\app.php:230)
[stacktrace]
#0 C:\\Users\\DELL Latitude 5410\\Downloads\\erpNEW\\vendor\\laravel\\framework\\src\\Illuminate\\Foundation\\Bootstrap\\LoadConfiguration.php(39): Illuminate\\Foundation\\Bootstrap\\LoadConfiguration->loadConfigurationFiles(Object(Illuminate\\Foundation\\Application), Object(Illuminate\\Config\\Repository))
#1 C:\\Users\\DELL Latitude 5410\\Downloads\\erpNEW\\vendor\\laravel\\framework\\src\\Illuminate\\Foundation\\Application.php(265): Illuminate\\Foundation\\Bootstrap\\LoadConfiguration->bootstrap(Object(Illuminate\\Foundation\\Application))
#2 C:\\Users\\DELL Latitude 5410\\Downloads\\erpNEW\\vendor\\laravel\\framework\\src\\Illuminate\\Foundation\\Console\\Kernel.php(383): Illuminate\\Foundation\\Application->bootstrapWith(Array)
#3 C:\\Users\\DELL Latitude 5410\\Downloads\\erpNEW\\vendor\\laravel\\framework\\src\\Illuminate\\Foundation\\Console\\Kernel.php(153): Illuminate\\Foundation\\Console\\Kernel->bootstrap()
#4 Command line code(1): Illuminate\\Foundation\\Console\\Kernel->handle(Object(Symfony\\Component\\Console\\Input\\ArgvInput), Object(Symfony\\Component\\Console\\Output\\ConsoleOutput))
#5 {main}
"} 
[2025-03-25 07:25:44] laravel.EMERGENCY: Unable to create configured logger. Using emergency logger. {"exception":"[object] (InvalidArgumentException(code: 0): Log [] is not defined. at C:\\Users\\DELL Latitude 5410\\Downloads\\erpNEW\\vendor\\laravel\\framework\\src\\Illuminate\\Log\\LogManager.php:210)
[stacktrace]
#0 C:\\Users\\DELL Latitude 5410\\Downloads\\erpNEW\\vendor\\laravel\\framework\\src\\Illuminate\\Log\\LogManager.php(135): Illuminate\\Log\\LogManager->resolve(NULL, NULL)
#1 C:\\Users\\DELL Latitude 5410\\Downloads\\erpNEW\\vendor\\laravel\\framework\\src\\Illuminate\\Log\\LogManager.php(122): Illuminate\\Log\\LogManager->get(NULL)
#2 C:\\Users\\DELL Latitude 5410\\Downloads\\erpNEW\\vendor\\laravel\\framework\\src\\Illuminate\\Log\\LogManager.php(645): Illuminate\\Log\\LogManager->driver()
#3 C:\\Users\\DELL Latitude 5410\\Downloads\\erpNEW\\vendor\\laravel\\framework\\src\\Illuminate\\Foundation\\Exceptions\\Handler.php(274): Illuminate\\Log\\LogManager->error('syntax error, u...', Array)
#4 C:\\Users\\DELL Latitude 5410\\Downloads\\erpNEW\\vendor\\laravel\\framework\\src\\Illuminate\\Foundation\\Console\\Kernel.php(454): Illuminate\\Foundation\\Exceptions\\Handler->report(Object(ParseError))
#5 C:\\Users\\DELL Latitude 5410\\Downloads\\erpNEW\\vendor\\laravel\\framework\\src\\Illuminate\\Foundation\\Console\\Kernel.php(157): Illuminate\\Foundation\\Console\\Kernel->reportException(Object(ParseError))
#6 Command line code(1): Illuminate\\Foundation\\Console\\Kernel->handle(Object(Symfony\\Component\\Console\\Input\\ArgvInput), Object(Symfony\\Component\\Console\\Output\\ConsoleOutput))
#7 {main}
"} 
[2025-03-25 07:25:44] laravel.ERROR: syntax error, unexpected token "<<", expecting "]" {"exception":"[object] (ParseError(code: 0): syntax error, unexpected token \"<<\", expecting \"]\" at C:\\Users\\DELL Latitude 5410\\Downloads\\erpNEW\\config\\app.php:230)
[stacktrace]
#0 C:\\Users\\DELL Latitude 5410\\Downloads\\erpNEW\\vendor\\laravel\\framework\\src\\Illuminate\\Foundation\\Bootstrap\\LoadConfiguration.php(39): Illuminate\\Foundation\\Bootstrap\\LoadConfiguration->loadConfigurationFiles(Object(Illuminate\\Foundation\\Application), Object(Illuminate\\Config\\Repository))
#1 C:\\Users\\DELL Latitude 5410\\Downloads\\erpNEW\\vendor\\laravel\\framework\\src\\Illuminate\\Foundation\\Application.php(265): Illuminate\\Foundation\\Bootstrap\\LoadConfiguration->bootstrap(Object(Illuminate\\Foundation\\Application))
#2 C:\\Users\\DELL Latitude 5410\\Downloads\\erpNEW\\vendor\\laravel\\framework\\src\\Illuminate\\Foundation\\Console\\Kernel.php(383): Illuminate\\Foundation\\Application->bootstrapWith(Array)
#3 C:\\Users\\DELL Latitude 5410\\Downloads\\erpNEW\\vendor\\laravel\\framework\\src\\Illuminate\\Foundation\\Console\\Kernel.php(153): Illuminate\\Foundation\\Console\\Kernel->bootstrap()
#4 Command line code(1): Illuminate\\Foundation\\Console\\Kernel->handle(Object(Symfony\\Component\\Console\\Input\\ArgvInput), Object(Symfony\\Component\\Console\\Output\\ConsoleOutput))
#5 {main}
"} 
[2025-03-25 07:26:25] laravel.EMERGENCY: Unable to create configured logger. Using emergency logger. {"exception":"[object] (InvalidArgumentException(code: 0): Log [] is not defined. at C:\\Users\\DELL Latitude 5410\\Downloads\\erpNEW\\vendor\\laravel\\framework\\src\\Illuminate\\Log\\LogManager.php:210)
[stacktrace]
#0 C:\\Users\\DELL Latitude 5410\\Downloads\\erpNEW\\vendor\\laravel\\framework\\src\\Illuminate\\Log\\LogManager.php(135): Illuminate\\Log\\LogManager->resolve(NULL, NULL)
#1 C:\\Users\\DELL Latitude 5410\\Downloads\\erpNEW\\vendor\\laravel\\framework\\src\\Illuminate\\Log\\LogManager.php(122): Illuminate\\Log\\LogManager->get(NULL)
#2 C:\\Users\\DELL Latitude 5410\\Downloads\\erpNEW\\vendor\\laravel\\framework\\src\\Illuminate\\Log\\LogManager.php(645): Illuminate\\Log\\LogManager->driver()
#3 C:\\Users\\DELL Latitude 5410\\Downloads\\erpNEW\\vendor\\laravel\\framework\\src\\Illuminate\\Foundation\\Exceptions\\Handler.php(274): Illuminate\\Log\\LogManager->error('syntax error, u...', Array)
#4 C:\\Users\\DELL Latitude 5410\\Downloads\\erpNEW\\vendor\\laravel\\framework\\src\\Illuminate\\Foundation\\Console\\Kernel.php(454): Illuminate\\Foundation\\Exceptions\\Handler->report(Object(ParseError))
#5 C:\\Users\\DELL Latitude 5410\\Downloads\\erpNEW\\vendor\\laravel\\framework\\src\\Illuminate\\Foundation\\Console\\Kernel.php(157): Illuminate\\Foundation\\Console\\Kernel->reportException(Object(ParseError))
#6 Command line code(1): Illuminate\\Foundation\\Console\\Kernel->handle(Object(Symfony\\Component\\Console\\Input\\ArgvInput), Object(Symfony\\Component\\Console\\Output\\ConsoleOutput))
#7 {main}
"} 
[2025-03-25 07:26:25] laravel.ERROR: syntax error, unexpected token "<<", expecting "]" {"exception":"[object] (ParseError(code: 0): syntax error, unexpected token \"<<\", expecting \"]\" at C:\\Users\\DELL Latitude 5410\\Downloads\\erpNEW\\config\\app.php:230)
[stacktrace]
#0 C:\\Users\\DELL Latitude 5410\\Downloads\\erpNEW\\vendor\\laravel\\framework\\src\\Illuminate\\Foundation\\Bootstrap\\LoadConfiguration.php(39): Illuminate\\Foundation\\Bootstrap\\LoadConfiguration->loadConfigurationFiles(Object(Illuminate\\Foundation\\Application), Object(Illuminate\\Config\\Repository))
#1 C:\\Users\\DELL Latitude 5410\\Downloads\\erpNEW\\vendor\\laravel\\framework\\src\\Illuminate\\Foundation\\Application.php(265): Illuminate\\Foundation\\Bootstrap\\LoadConfiguration->bootstrap(Object(Illuminate\\Foundation\\Application))
#2 C:\\Users\\DELL Latitude 5410\\Downloads\\erpNEW\\vendor\\laravel\\framework\\src\\Illuminate\\Foundation\\Console\\Kernel.php(383): Illuminate\\Foundation\\Application->bootstrapWith(Array)
#3 C:\\Users\\DELL Latitude 5410\\Downloads\\erpNEW\\vendor\\laravel\\framework\\src\\Illuminate\\Foundation\\Console\\Kernel.php(153): Illuminate\\Foundation\\Console\\Kernel->bootstrap()
#4 Command line code(1): Illuminate\\Foundation\\Console\\Kernel->handle(Object(Symfony\\Component\\Console\\Input\\ArgvInput), Object(Symfony\\Component\\Console\\Output\\ConsoleOutput))
#5 {main}
"} 
[2025-04-03 09:03:40] laravel.EMERGENCY: Unable to create configured logger. Using emergency logger. {"exception":"[object] (InvalidArgumentException(code: 0): Log [] is not defined. at C:\\Users\\DELL Latitude 5410\\Downloads\\erpNEW\\vendor\\laravel\\framework\\src\\Illuminate\\Log\\LogManager.php:210)
[stacktrace]
#0 C:\\Users\\DELL Latitude 5410\\Downloads\\erpNEW\\vendor\\laravel\\framework\\src\\Illuminate\\Log\\LogManager.php(135): Illuminate\\Log\\LogManager->resolve(NULL, NULL)
#1 C:\\Users\\DELL Latitude 5410\\Downloads\\erpNEW\\vendor\\laravel\\framework\\src\\Illuminate\\Log\\LogManager.php(122): Illuminate\\Log\\LogManager->get(NULL)
#2 C:\\Users\\DELL Latitude 5410\\Downloads\\erpNEW\\vendor\\laravel\\framework\\src\\Illuminate\\Log\\LogManager.php(645): Illuminate\\Log\\LogManager->driver()
#3 C:\\Users\\DELL Latitude 5410\\Downloads\\erpNEW\\vendor\\laravel\\framework\\src\\Illuminate\\Foundation\\Exceptions\\Handler.php(274): Illuminate\\Log\\LogManager->error('syntax error, u...', Array)
#4 C:\\Users\\DELL Latitude 5410\\Downloads\\erpNEW\\vendor\\laravel\\framework\\src\\Illuminate\\Foundation\\Console\\Kernel.php(454): Illuminate\\Foundation\\Exceptions\\Handler->report(Object(ParseError))
#5 C:\\Users\\DELL Latitude 5410\\Downloads\\erpNEW\\vendor\\laravel\\framework\\src\\Illuminate\\Foundation\\Console\\Kernel.php(157): Illuminate\\Foundation\\Console\\Kernel->reportException(Object(ParseError))
#6 Command line code(1): Illuminate\\Foundation\\Console\\Kernel->handle(Object(Symfony\\Component\\Console\\Input\\ArgvInput), Object(Symfony\\Component\\Console\\Output\\ConsoleOutput))
#7 {main}
"} 
[2025-04-03 09:03:40] laravel.ERROR: syntax error, unexpected single-quoted string "env", expecting "]" {"exception":"[object] (ParseError(code: 0): syntax error, unexpected single-quoted string \"env\", expecting \"]\" at C:\\Users\\DELL Latitude 5410\\Downloads\\erpNEW\\config\\app.php:32)
[stacktrace]
#0 C:\\Users\\DELL Latitude 5410\\Downloads\\erpNEW\\vendor\\laravel\\framework\\src\\Illuminate\\Foundation\\Bootstrap\\LoadConfiguration.php(39): Illuminate\\Foundation\\Bootstrap\\LoadConfiguration->loadConfigurationFiles(Object(Illuminate\\Foundation\\Application), Object(Illuminate\\Config\\Repository))
#1 C:\\Users\\DELL Latitude 5410\\Downloads\\erpNEW\\vendor\\laravel\\framework\\src\\Illuminate\\Foundation\\Application.php(265): Illuminate\\Foundation\\Bootstrap\\LoadConfiguration->bootstrap(Object(Illuminate\\Foundation\\Application))
#2 C:\\Users\\DELL Latitude 5410\\Downloads\\erpNEW\\vendor\\laravel\\framework\\src\\Illuminate\\Foundation\\Console\\Kernel.php(383): Illuminate\\Foundation\\Application->bootstrapWith(Array)
#3 C:\\Users\\DELL Latitude 5410\\Downloads\\erpNEW\\vendor\\laravel\\framework\\src\\Illuminate\\Foundation\\Console\\Kernel.php(153): Illuminate\\Foundation\\Console\\Kernel->bootstrap()
#4 Command line code(1): Illuminate\\Foundation\\Console\\Kernel->handle(Object(Symfony\\Component\\Console\\Input\\ArgvInput), Object(Symfony\\Component\\Console\\Output\\ConsoleOutput))
#5 {main}
"} 
